Using pre-set license
Built from '2020.3/staging' branch; Version is '2020.3.8f1 (507919d4fff5) revision 5273881'; Using compiler version '192528614'; Build Type 'Release'
OS: 'Windows 7  (6.1.0) 64bit' Language: 'ko' Physical Memory: 8112 MB
BatchMode: 1, IsHumanControllingUs: 0, StartBugReporterOnCrash: 0, Is64bit: 1, IsPro: 0

 COMMAND LINE ARGUMENTS:
F:\Unity\2020.3.8f1\Editor\Unity.exe
-adb2
-batchMode
-noUpm
-name
AssetImportWorker0
-projectPath
F:/GitHub/Unity-QuickSheet
-logFile
Logs/AssetImportWorker0.log
-srvPort
11046
Successfully changed project path to: F:/GitHub/Unity-QuickSheet
F:/GitHub/Unity-QuickSheet
Using Asset Import Pipeline V2.
Platform WindowsStandaloneSupport does not support graphics device type 

Refreshing native plugins compatible for Editor in 27.05 ms, found 0 plugins.
Preloading 0 native plugins for Editor in 0.00 ms.
Initialize engine version: 2020.3.8f1 (507919d4fff5)
[Subsystems] Discovering subsystems at path F:/Unity/2020.3.8f1/Editor/Data/Resources/UnitySubsystems
[Subsystems] Discovering subsystems at path F:/GitHub/Unity-QuickSheet/Assets
GfxDevice: creating device client; threaded=0
d3d11: CreateDXGIFactory2(...) not found, fallbacking to CreateDXGIFactory1(...).
d3d11: QueryInterface(IDXGIFactory5) failed (80004002).
Direct3D:
    Version:  Direct3D 11.0 [level 11.0]
    Renderer: Intel(R) HD Graphics 4600 (ID=0x412)
    Vendor:   
    VRAM:     1632 MB
    Driver:   10.18.14.5180
Initialize mono
Mono path[0] = 'F:/Unity/2020.3.8f1/Editor/Data/Managed'
Mono path[1] = 'F:/Unity/2020.3.8f1/Editor/Data/MonoBleedingEdge/lib/mono/unityjit'
Mono config path = 'F:/Unity/2020.3.8f1/Editor/Data/MonoBleedingEdge/etc'
Using monoOptions --debugger-agent=transport=dt_socket,embedding=1,server=y,suspend=n,address=127.0.0.1:56460
Begin MonoManager ReloadAssembly
Registering precompiled unity dll's ...
Register platform support module: F:/Unity/2020.3.8f1/Editor/Data/PlaybackEngines/WebGLSupport/UnityEditor.WebGL.Extensions.dll
Register platform support module: F:/Unity/2020.3.8f1/Editor/Data/PlaybackEngines/MacStandaloneSupport/UnityEditor.OSXStandalone.Extensions.dll
Register platform support module: F:/Unity/2020.3.8f1/Editor/Data/PlaybackEngines/WindowsStandaloneSupport/UnityEditor.WindowsStandalone.Extensions.dll
Registered in 0.001411 seconds.
Native extension for WindowsStandalone target not found
Native extension for OSXStandalone target not found
Native extension for WebGL target not found
Refreshing native plugins compatible for Editor in 29.78 ms, found 0 plugins.
Preloading 0 native plugins for Editor in 0.00 ms.
Mono: successfully reloaded assembly
- Completed reload, in  3.228 seconds
Platform modules already initialized, skipping
Registering precompiled user dll's ...
Registered in 0.007014 seconds.
Begin MonoManager ReloadAssembly
Native extension for WindowsStandalone target not found
Native extension for OSXStandalone target not found
Native extension for WebGL target not found
Refreshing native plugins compatible for Editor in 0.54 ms, found 0 plugins.
Preloading 0 native plugins for Editor in 0.00 ms.
Mono: successfully reloaded assembly
- Completed reload, in  1.088 seconds
Platform modules already initialized, skipping
========================================================================
Worker process is ready to serve import requests
Platform WindowsStandaloneSupport does not support graphics device type 

Launched and connected shader compiler UnityShaderCompiler.exe after 0.04 seconds
Refreshing native plugins compatible for Editor in 0.51 ms, found 0 plugins.
Preloading 0 native plugins for Editor in 0.00 ms.
Unloading 1178 Unused Serialized files (Serialized files now loaded: 0)
System memory in use before: 61.5 MB.
System memory in use after: 61.6 MB.

Unloading 20 unused Assets to reduce memory usage. Loaded Objects now: 1610.
Total: 1.874502 ms (FindLiveObjects: 0.146398 ms CreateObjectMapping: 0.042863 ms MarkObjects: 1.608268 ms  DeleteObjects: 0.076067 ms)

========================================================================
Received Import Request.
  path: Assets/QuickSheet
  artifactKey: Guid(61e23f7de6db87d489968e0672655c0e) Importer(815301076,1909f56bfc062723c751e8b465ee728b)
Start importing Assets/QuickSheet using Guid(61e23f7de6db87d489968e0672655c0e) Importer(815301076,1909f56bfc062723c751e8b465ee728b)  -> (artifact id: '04ca3fd54f28b32f45af4120dc55ec3b') in 0.009642 seconds
  Import took 0.011924 seconds .

========================================================================
Received Import Request.
  Time since last request: 15.494061 seconds.
  path: Assets/QuickSheet/Doc
  artifactKey: Guid(2316e22f5fdc1db4f8e2dbcaf3b2c035) Importer(815301076,1909f56bfc062723c751e8b465ee728b)
Start importing Assets/QuickSheet/Doc using Guid(2316e22f5fdc1db4f8e2dbcaf3b2c035) Importer(815301076,1909f56bfc062723c751e8b465ee728b)  -> (artifact id: '7b500c1f0c729a81f6f46f622cd04459') in 0.008739 seconds
  Import took 0.011823 seconds .

========================================================================
Received Import Request.
  Time since last request: 0.003194 seconds.
  path: Assets/QuickSheet/Doc
  artifactKey: Guid(2316e22f5fdc1db4f8e2dbcaf3b2c035) Importer(815301076,1909f56bfc062723c751e8b465ee728b)
Start importing Assets/QuickSheet/Doc using Guid(2316e22f5fdc1db4f8e2dbcaf3b2c035) Importer(815301076,1909f56bfc062723c751e8b465ee728b)  -> (artifact id: '7b500c1f0c729a81f6f46f622cd04459') in 0.003036 seconds
  Import took 0.005353 seconds .

========================================================================
Received Import Request.
  Time since last request: 0.823133 seconds.
  path: Assets/QuickSheet/Doc/Unity-Quicksheet.pdf
  artifactKey: Guid(5e0586483ff811148825cfc35ac00e5d) Importer(815301076,1909f56bfc062723c751e8b465ee728b)
Start importing Assets/QuickSheet/Doc/Unity-Quicksheet.pdf using Guid(5e0586483ff811148825cfc35ac00e5d) Importer(815301076,1909f56bfc062723c751e8b465ee728b)  -> (artifact id: '639180778c14f38476ee8d53e8ffd92f') in 0.145028 seconds
  Import took 0.149660 seconds .

========================================================================
Received Import Request.
  Time since last request: 94.528789 seconds.
  path: Assets/QuickSheet/New Import Setting.asset
  artifactKey: Guid(22c4fde7968ca924884fcbaf15401773) Importer(815301076,1909f56bfc062723c751e8b465ee728b)
Start importing Assets/QuickSheet/New Import Setting.asset using Guid(22c4fde7968ca924884fcbaf15401773) Importer(815301076,1909f56bfc062723c751e8b465ee728b) Using Assets/QuickSheet/ExcelPlugin/Editor/Excel Settings.asset.
UnityEngine.StackTraceUtility:ExtractStackTrace ()
UnityEngine.DebugLogHandler:LogFormat (UnityEngine.LogType,UnityEngine.Object,string,object[])
UnityEngine.Logger:LogFormat (UnityEngine.LogType,string,object[])
UnityEngine.Debug:LogFormat (string,object[])
UnityQuickSheet.SingletonScriptableObject`1<UnityQuickSheet.ExcelSettings>:get_Instance () (at Assets/QuickSheet/Editor/Util/SingletonScriptableObject.cs:38)
UnityQuickSheet.ExcelMachine:Awake () (at Assets/QuickSheet/ExcelPlugin/Editor/ExcelMachine.cs:41)

(Filename: Assets/QuickSheet/Editor/Util/SingletonScriptableObject.cs Line: 38)

 -> (artifact id: '69117f465be20fb79df41af2e26eb7ff') in 0.034251 seconds
  Import took 0.037369 seconds .

========================================================================
Received Import Request.
  Time since last request: 26.331459 seconds.
  path: Assets/QuickSheet/Example/ExcelExampleImporter.asset
  artifactKey: Guid(2e52f89862cdefc4f84f7e542e70ccf9) Importer(815301076,1909f56bfc062723c751e8b465ee728b)
Start importing Assets/QuickSheet/Example/ExcelExampleImporter.asset using Guid(2e52f89862cdefc4f84f7e542e70ccf9) Importer(815301076,1909f56bfc062723c751e8b465ee728b) Using Assets/QuickSheet/ExcelPlugin/Editor/Excel Settings.asset.
UnityEngine.StackTraceUtility:ExtractStackTrace ()
UnityEngine.DebugLogHandler:LogFormat (UnityEngine.LogType,UnityEngine.Object,string,object[])
UnityEngine.Logger:LogFormat (UnityEngine.LogType,string,object[])
UnityEngine.Debug:LogFormat (string,object[])
UnityQuickSheet.SingletonScriptableObject`1<UnityQuickSheet.ExcelSettings>:get_Instance () (at Assets/QuickSheet/Editor/Util/SingletonScriptableObject.cs:38)
UnityQuickSheet.ExcelMachine:Awake () (at Assets/QuickSheet/ExcelPlugin/Editor/ExcelMachine.cs:41)

(Filename: Assets/QuickSheet/Editor/Util/SingletonScriptableObject.cs Line: 38)

 -> (artifact id: '2c8a334610ea68bdb7a03c32623567c2') in 0.017219 seconds
  Import took 0.020273 seconds .

========================================================================
Received Import Request.
  Time since last request: 60.252743 seconds.
  path: Assets/QuickSheet/Example/Excel
  artifactKey: Guid(409a0f119fa96764c9fa8ff364a181ca) Importer(815301076,1909f56bfc062723c751e8b465ee728b)
Start importing Assets/QuickSheet/Example/Excel using Guid(409a0f119fa96764c9fa8ff364a181ca) Importer(815301076,1909f56bfc062723c751e8b465ee728b)  -> (artifact id: '6f69ba3fc7d00794e7f600b686cf4e0a') in 0.024150 seconds
  Import took 0.027680 seconds .

========================================================================
Received Import Request.
  Time since last request: 0.043194 seconds.
  path: Assets/QuickSheet/Example/Excel/ExcelExample.asset
  artifactKey: Guid(7a7cf3542b7d5ab4b9d7efe34416a0e2) Importer(815301076,1909f56bfc062723c751e8b465ee728b)
Start importing Assets/QuickSheet/Example/Excel/ExcelExample.asset using Guid(7a7cf3542b7d5ab4b9d7efe34416a0e2) Importer(815301076,1909f56bfc062723c751e8b465ee728b)  -> (artifact id: 'c1a6576556ae66a6715ce62308aa1797') in 0.010193 seconds
  Import took 0.013077 seconds .

========================================================================
Received Import Request.
  Time since last request: 1.149164 seconds.
  path: Assets/QuickSheet/Example/Excel/Example.xlsx
  artifactKey: Guid(5f6eae8b7d6c62d4da61af7a8e8f1f58) Importer(815301076,1909f56bfc062723c751e8b465ee728b)
Start importing Assets/QuickSheet/Example/Excel/Example.xlsx using Guid(5f6eae8b7d6c62d4da61af7a8e8f1f58) Importer(815301076,1909f56bfc062723c751e8b465ee728b)  -> (artifact id: '968d65cac9481c003a1d0e6df2cd5a82') in 0.028274 seconds
  Import took 0.030977 seconds .

========================================================================
Received Import Request.
  Time since last request: 436.015614 seconds.
  path: Assets/Item.xls
  artifactKey: Guid(76b0c4e83696aec4cbaccbb4acf0a0f1) Importer(815301076,1909f56bfc062723c751e8b465ee728b)
Start importing Assets/Item.xls using Guid(76b0c4e83696aec4cbaccbb4acf0a0f1) Importer(815301076,1909f56bfc062723c751e8b465ee728b)  -> (artifact id: '5b2896dcb2b8e6353cbebdcdc90cb69e') in 0.018622 seconds
  Import took 0.023626 seconds .

========================================================================
Received Import Request.
  Time since last request: 1.193817 seconds.
  path: Assets
  artifactKey: Guid(00000000000000001000000000000000) Importer(815301076,1909f56bfc062723c751e8b465ee728b)
Start importing Assets using Guid(00000000000000001000000000000000) Importer(815301076,1909f56bfc062723c751e8b465ee728b)  -> (artifact id: '42d402b061de3733987d63b9cc3b64de') in 0.010842 seconds
  Import took 0.014695 seconds .

========================================================================
Received Import Request.
  Time since last request: 0.003437 seconds.
  path: Assets
  artifactKey: Guid(00000000000000001000000000000000) Importer(815301076,1909f56bfc062723c751e8b465ee728b)
Start importing Assets using Guid(00000000000000001000000000000000) Importer(815301076,1909f56bfc062723c751e8b465ee728b)  -> (artifact id: '42d402b061de3733987d63b9cc3b64de') in 0.016643 seconds
  Import took 0.019884 seconds .

========================================================================
Received Import Request.
  Time since last request: 6.819275 seconds.
  path: Assets/New Import Setting.asset
  artifactKey: Guid(6af61d6ac878778449b93a3ac30d9026) Importer(815301076,1909f56bfc062723c751e8b465ee728b)
Start importing Assets/New Import Setting.asset using Guid(6af61d6ac878778449b93a3ac30d9026) Importer(815301076,1909f56bfc062723c751e8b465ee728b) Using Assets/QuickSheet/ExcelPlugin/Editor/Excel Settings.asset.
UnityEngine.StackTraceUtility:ExtractStackTrace ()
UnityEngine.DebugLogHandler:LogFormat (UnityEngine.LogType,UnityEngine.Object,string,object[])
UnityEngine.Logger:LogFormat (UnityEngine.LogType,string,object[])
UnityEngine.Debug:LogFormat (string,object[])
UnityQuickSheet.SingletonScriptableObject`1<UnityQuickSheet.ExcelSettings>:get_Instance () (at Assets/QuickSheet/Editor/Util/SingletonScriptableObject.cs:38)
UnityQuickSheet.ExcelMachine:Awake () (at Assets/QuickSheet/ExcelPlugin/Editor/ExcelMachine.cs:41)

(Filename: Assets/QuickSheet/Editor/Util/SingletonScriptableObject.cs Line: 38)

 -> (artifact id: 'e9cc20d05d20a56b7cfb601eaeb23459') in 0.013408 seconds
  Import took 0.015889 seconds .

========================================================================
Received Import Request.
  Time since last request: 66.134022 seconds.
  path: Assets/New Excel Settings.asset
  artifactKey: Guid(eb56a73a8c6feec44bbd9b6caa126ca9) Importer(815301076,1909f56bfc062723c751e8b465ee728b)
Start importing Assets/New Excel Settings.asset using Guid(eb56a73a8c6feec44bbd9b6caa126ca9) Importer(815301076,1909f56bfc062723c751e8b465ee728b)  -> (artifact id: '75137e2302ef8f4afff52a892262871f') in 0.013312 seconds
  Import took 0.016802 seconds .

========================================================================
Received Import Request.
  Time since last request: 0.006754 seconds.
  path: Assets/New Excel Settings.asset
  artifactKey: Guid(eb56a73a8c6feec44bbd9b6caa126ca9) Importer(815301076,1909f56bfc062723c751e8b465ee728b)
Start importing Assets/New Excel Settings.asset using Guid(eb56a73a8c6feec44bbd9b6caa126ca9) Importer(815301076,1909f56bfc062723c751e8b465ee728b)  -> (artifact id: '75137e2302ef8f4afff52a892262871f') in 0.005145 seconds
  Import took 0.011722 seconds .

========================================================================
Received Import Request.
  Time since last request: 139.749797 seconds.
  path: Assets/New Import Setting.asset
  artifactKey: Guid(6af61d6ac878778449b93a3ac30d9026) Importer(815301076,1909f56bfc062723c751e8b465ee728b)
Start importing Assets/New Import Setting.asset using Guid(6af61d6ac878778449b93a3ac30d9026) Importer(815301076,1909f56bfc062723c751e8b465ee728b) Multiple UnityQuickSheet.ExcelSettings assets are found.
UnityEngine.StackTraceUtility:ExtractStackTrace ()
UnityEngine.DebugLogHandler:LogFormat (UnityEngine.LogType,UnityEngine.Object,string,object[])
UnityEngine.Logger:LogFormat (UnityEngine.LogType,string,object[])
UnityEngine.Debug:LogWarningFormat (string,object[])
UnityQuickSheet.SingletonScriptableObject`1<UnityQuickSheet.ExcelSettings>:get_Instance () (at Assets/QuickSheet/Editor/Util/SingletonScriptableObject.cs:35)
UnityQuickSheet.ExcelMachine:Awake () (at Assets/QuickSheet/ExcelPlugin/Editor/ExcelMachine.cs:41)

(Filename: Assets/QuickSheet/Editor/Util/SingletonScriptableObject.cs Line: 35)

Using Assets/New Excel Settings.asset.
UnityEngine.StackTraceUtility:ExtractStackTrace ()
UnityEngine.DebugLogHandler:LogFormat (UnityEngine.LogType,UnityEngine.Object,string,object[])
UnityEngine.Logger:LogFormat (UnityEngine.LogType,string,object[])
UnityEngine.Debug:LogFormat (string,object[])
UnityQuickSheet.SingletonScriptableObject`1<UnityQuickSheet.ExcelSettings>:get_Instance () (at Assets/QuickSheet/Editor/Util/SingletonScriptableObject.cs:38)
UnityQuickSheet.ExcelMachine:Awake () (at Assets/QuickSheet/ExcelPlugin/Editor/ExcelMachine.cs:41)

(Filename: Assets/QuickSheet/Editor/Util/SingletonScriptableObject.cs Line: 38)

 -> (artifact id: '92574dcddb464b3505c2aae2de098092') in 0.008214 seconds
  Import took 0.011715 seconds .

========================================================================
Received Import Request.
  Time since last request: 0.003272 seconds.
  path: Assets/New Import Setting.asset
  artifactKey: Guid(6af61d6ac878778449b93a3ac30d9026) Importer(815301076,1909f56bfc062723c751e8b465ee728b)
Start importing Assets/New Import Setting.asset using Guid(6af61d6ac878778449b93a3ac30d9026) Importer(815301076,1909f56bfc062723c751e8b465ee728b) Multiple UnityQuickSheet.ExcelSettings assets are found.
UnityEngine.StackTraceUtility:ExtractStackTrace ()
UnityEngine.DebugLogHandler:LogFormat (UnityEngine.LogType,UnityEngine.Object,string,object[])
UnityEngine.Logger:LogFormat (UnityEngine.LogType,string,object[])
UnityEngine.Debug:LogWarningFormat (string,object[])
UnityQuickSheet.SingletonScriptableObject`1<UnityQuickSheet.ExcelSettings>:get_Instance () (at Assets/QuickSheet/Editor/Util/SingletonScriptableObject.cs:35)
UnityQuickSheet.ExcelMachine:Awake () (at Assets/QuickSheet/ExcelPlugin/Editor/ExcelMachine.cs:41)

(Filename: Assets/QuickSheet/Editor/Util/SingletonScriptableObject.cs Line: 35)

Using Assets/New Excel Settings.asset.
UnityEngine.StackTraceUtility:ExtractStackTrace ()
UnityEngine.DebugLogHandler:LogFormat (UnityEngine.LogType,UnityEngine.Object,string,object[])
UnityEngine.Logger:LogFormat (UnityEngine.LogType,string,object[])
UnityEngine.Debug:LogFormat (string,object[])
UnityQuickSheet.SingletonScriptableObject`1<UnityQuickSheet.ExcelSettings>:get_Instance () (at Assets/QuickSheet/Editor/Util/SingletonScriptableObject.cs:38)
UnityQuickSheet.ExcelMachine:Awake () (at Assets/QuickSheet/ExcelPlugin/Editor/ExcelMachine.cs:41)

(Filename: Assets/QuickSheet/Editor/Util/SingletonScriptableObject.cs Line: 38)

 -> (artifact id: '92574dcddb464b3505c2aae2de098092') in 0.008366 seconds
  Import took 0.011289 seconds .

========================================================================
Received Prepare
Platform WindowsStandaloneSupport does not support graphics device type 

Registering precompiled user dll's ...
Registered in 0.008027 seconds.
Begin MonoManager ReloadAssembly
Native extension for WindowsStandalone target not found
Native extension for OSXStandalone target not found
Native extension for WebGL target not found
Refreshing native plugins compatible for Editor in 0.30 ms, found 0 plugins.
Preloading 0 native plugins for Editor in 0.00 ms.
Mono: successfully reloaded assembly
- Completed reload, in  0.935 seconds
Platform modules already initialized, skipping
Refreshing native plugins compatible for Editor in 0.32 ms, found 0 plugins.
Preloading 0 native plugins for Editor in 0.00 ms.
Unloading 1176 Unused Serialized files (Serialized files now loaded: 0)
System memory in use before: 61.5 MB.
System memory in use after: 61.6 MB.

Unloading 15 unused Assets to reduce memory usage. Loaded Objects now: 1617.
Total: 1.748630 ms (FindLiveObjects: 0.133721 ms CreateObjectMapping: 0.039844 ms MarkObjects: 1.557255 ms  DeleteObjects: 0.016602 ms)

========================================================================
Received Import Request.
  Time since last request: 909.156589 seconds.
  path: Assets/Data/Runtime/시트1Data.cs
  artifactKey: Guid(c14b10b1a27d5c54a80c4f543f064840) Importer(815301076,1909f56bfc062723c751e8b465ee728b)
Start importing Assets/Data/Runtime/시트1Data.cs using Guid(c14b10b1a27d5c54a80c4f543f064840) Importer(815301076,1909f56bfc062723c751e8b465ee728b)  -> (artifact id: '440e613a689fc348504adfb417faaf49') in 0.018122 seconds
  Import took 0.020838 seconds .

========================================================================
Received Import Request.
  Time since last request: 0.014583 seconds.
  path: Assets/Data/Runtime/시트1Data.cs
  artifactKey: Guid(c14b10b1a27d5c54a80c4f543f064840) Importer(815301076,1909f56bfc062723c751e8b465ee728b)
Start importing Assets/Data/Runtime/시트1Data.cs using Guid(c14b10b1a27d5c54a80c4f543f064840) Importer(815301076,1909f56bfc062723c751e8b465ee728b)  -> (artifact id: '440e613a689fc348504adfb417faaf49') in 0.003031 seconds
  Import took 0.005778 seconds .

========================================================================
Received Import Request.
  Time since last request: 121.711943 seconds.
  path: Assets/QuickSheet/New Import Setting.asset
  artifactKey: Guid(22c4fde7968ca924884fcbaf15401773) Importer(815301076,1909f56bfc062723c751e8b465ee728b)
Start importing Assets/QuickSheet/New Import Setting.asset using Guid(22c4fde7968ca924884fcbaf15401773) Importer(815301076,1909f56bfc062723c751e8b465ee728b) Multiple UnityQuickSheet.ExcelSettings assets are found.
UnityEngine.StackTraceUtility:ExtractStackTrace ()
UnityEngine.DebugLogHandler:LogFormat (UnityEngine.LogType,UnityEngine.Object,string,object[])
UnityEngine.Logger:LogFormat (UnityEngine.LogType,string,object[])
UnityEngine.Debug:LogWarningFormat (string,object[])
UnityQuickSheet.SingletonScriptableObject`1<UnityQuickSheet.ExcelSettings>:get_Instance () (at Assets/QuickSheet/Editor/Util/SingletonScriptableObject.cs:35)
UnityQuickSheet.ExcelMachine:Awake () (at Assets/QuickSheet/ExcelPlugin/Editor/ExcelMachine.cs:41)

(Filename: Assets/QuickSheet/Editor/Util/SingletonScriptableObject.cs Line: 35)

Using Assets/New Excel Settings.asset.
UnityEngine.StackTraceUtility:ExtractStackTrace ()
UnityEngine.DebugLogHandler:LogFormat (UnityEngine.LogType,UnityEngine.Object,string,object[])
UnityEngine.Logger:LogFormat (UnityEngine.LogType,string,object[])
UnityEngine.Debug:LogFormat (string,object[])
UnityQuickSheet.SingletonScriptableObject`1<UnityQuickSheet.ExcelSettings>:get_Instance () (at Assets/QuickSheet/Editor/Util/SingletonScriptableObject.cs:38)
UnityQuickSheet.ExcelMachine:Awake () (at Assets/QuickSheet/ExcelPlugin/Editor/ExcelMachine.cs:41)

(Filename: Assets/QuickSheet/Editor/Util/SingletonScriptableObject.cs Line: 38)

 -> (artifact id: 'b1bf79db71f2101b47126f7da9b40d66') in 0.079417 seconds
  Import took 0.082238 seconds .

========================================================================
Received Import Request.
  Time since last request: 6.842654 seconds.
  path: Assets/ItemSample.xls
  artifactKey: Guid(6026dbe05b7b03643a9f4ae0f57b11b1) Importer(815301076,1909f56bfc062723c751e8b465ee728b)
Start importing Assets/ItemSample.xls using Guid(6026dbe05b7b03643a9f4ae0f57b11b1) Importer(815301076,1909f56bfc062723c751e8b465ee728b)  -> (artifact id: '12dcbd583dc0574491b81dee0ae5a8f7') in 0.011719 seconds
  Import took 0.014174 seconds .

========================================================================
Received Import Request.
  Time since last request: 0.008996 seconds.
  path: Assets/ItemSample.xls
  artifactKey: Guid(6026dbe05b7b03643a9f4ae0f57b11b1) Importer(815301076,1909f56bfc062723c751e8b465ee728b)
Start importing Assets/ItemSample.xls using Guid(6026dbe05b7b03643a9f4ae0f57b11b1) Importer(815301076,1909f56bfc062723c751e8b465ee728b)  -> (artifact id: '12dcbd583dc0574491b81dee0ae5a8f7') in 0.004872 seconds
  Import took 0.012299 seconds .

========================================================================
Received Import Request.
  Time since last request: 2.151950 seconds.
  path: Assets/시트1.asset
  artifactKey: Guid(1de904a5c5d58804ebdbf6c851ee24f0) Importer(815301076,1909f56bfc062723c751e8b465ee728b)
Start importing Assets/시트1.asset using Guid(1de904a5c5d58804ebdbf6c851ee24f0) Importer(815301076,1909f56bfc062723c751e8b465ee728b)  -> (artifact id: '56b3925892ccc0285c9f04fe5eb41c4f') in 0.010489 seconds
  Import took 0.013075 seconds .

========================================================================
Received Prepare
Platform WindowsStandaloneSupport does not support graphics device type 

Registering precompiled user dll's ...
Registered in 0.172911 seconds.
Begin MonoManager ReloadAssembly
Native extension for WindowsStandalone target not found
Native extension for OSXStandalone target not found
Native extension for WebGL target not found
Refreshing native plugins compatible for Editor in 0.34 ms, found 0 plugins.
Preloading 0 native plugins for Editor in 0.00 ms.
Mono: successfully reloaded assembly
- Completed reload, in  4.667 seconds
Platform modules already initialized, skipping
Refreshing native plugins compatible for Editor in 0.33 ms, found 0 plugins.
Preloading 0 native plugins for Editor in 0.00 ms.
Unloading 1177 Unused Serialized files (Serialized files now loaded: 0)
System memory in use before: 61.6 MB.
System memory in use after: 61.7 MB.

Unloading 15 unused Assets to reduce memory usage. Loaded Objects now: 1621.
Total: 1.594987 ms (FindLiveObjects: 0.134022 ms CreateObjectMapping: 0.042561 ms MarkObjects: 1.399688 ms  DeleteObjects: 0.017206 ms)

========================================================================
Received Prepare
Platform WindowsStandaloneSupport does not support graphics device type 

Registering precompiled user dll's ...
Registered in 0.182134 seconds.
Begin MonoManager ReloadAssembly
Native extension for WindowsStandalone target not found
Native extension for OSXStandalone target not found
Native extension for WebGL target not found
Refreshing native plugins compatible for Editor in 0.32 ms, found 0 plugins.
Preloading 0 native plugins for Editor in 0.00 ms.
Mono: successfully reloaded assembly
- Completed reload, in  4.588 seconds
Platform modules already initialized, skipping
Refreshing native plugins compatible for Editor in 0.32 ms, found 0 plugins.
Preloading 0 native plugins for Editor in 0.00 ms.
Unloading 1177 Unused Serialized files (Serialized files now loaded: 0)
System memory in use before: 61.6 MB.
System memory in use after: 61.7 MB.

Unloading 15 unused Assets to reduce memory usage. Loaded Objects now: 1624.
Total: 1.628191 ms (FindLiveObjects: 0.137946 ms CreateObjectMapping: 0.048598 ms MarkObjects: 1.421120 ms  DeleteObjects: 0.019017 ms)

========================================================================
Received Prepare
Platform WindowsStandaloneSupport does not support graphics device type 

Registering precompiled user dll's ...
Registered in 0.953651 seconds.
Begin MonoManager ReloadAssembly
Native extension for WindowsStandalone target not found
Native extension for OSXStandalone target not found
Native extension for WebGL target not found
Refreshing native plugins compatible for Editor in 0.31 ms, found 0 plugins.
Preloading 0 native plugins for Editor in 0.00 ms.
Mono: successfully reloaded assembly
- Completed reload, in  4.531 seconds
Platform modules already initialized, skipping
Refreshing native plugins compatible for Editor in 0.31 ms, found 0 plugins.
Preloading 0 native plugins for Editor in 0.00 ms.
Unloading 1177 Unused Serialized files (Serialized files now loaded: 0)
System memory in use before: 61.6 MB.
System memory in use after: 61.7 MB.

Unloading 15 unused Assets to reduce memory usage. Loaded Objects now: 1627.
Total: 1.672563 ms (FindLiveObjects: 0.127080 ms CreateObjectMapping: 0.040448 ms MarkObjects: 1.488131 ms  DeleteObjects: 0.015696 ms)

========================================================================
Received Prepare
Platform WindowsStandaloneSupport does not support graphics device type 

Registering precompiled user dll's ...
Registered in 1.005441 seconds.
Begin MonoManager ReloadAssembly
Native extension for WindowsStandalone target not found
Native extension for OSXStandalone target not found
Native extension for WebGL target not found
Refreshing native plugins compatible for Editor in 0.52 ms, found 0 plugins.
Preloading 0 native plugins for Editor in 0.00 ms.
Mono: successfully reloaded assembly
- Completed reload, in  5.890 seconds
Platform modules already initialized, skipping
Refreshing native plugins compatible for Editor in 0.38 ms, found 0 plugins.
Preloading 0 native plugins for Editor in 0.00 ms.
Unloading 1177 Unused Serialized files (Serialized files now loaded: 0)
System memory in use before: 61.6 MB.
System memory in use after: 61.7 MB.

Unloading 15 unused Assets to reduce memory usage. Loaded Objects now: 1630.
Total: 1.736556 ms (FindLiveObjects: 0.133419 ms CreateObjectMapping: 0.039543 ms MarkObjects: 1.544578 ms  DeleteObjects: 0.017507 ms)

========================================================================
Received Prepare
Platform WindowsStandaloneSupport does not support graphics device type 

Registering precompiled user dll's ...
Registered in 0.087256 seconds.
Begin MonoManager ReloadAssembly
Native extension for WindowsStandalone target not found
Native extension for OSXStandalone target not found
Native extension for WebGL target not found
Refreshing native plugins compatible for Editor in 0.39 ms, found 0 plugins.
Preloading 0 native plugins for Editor in 0.00 ms.
Mono: successfully reloaded assembly
- Completed reload, in  5.030 seconds
Platform modules already initialized, skipping
Refreshing native plugins compatible for Editor in 0.32 ms, found 0 plugins.
Preloading 0 native plugins for Editor in 0.00 ms.
Unloading 1177 Unused Serialized files (Serialized files now loaded: 0)
System memory in use before: 61.6 MB.
System memory in use after: 61.7 MB.

Unloading 15 unused Assets to reduce memory usage. Loaded Objects now: 1633.
Total: 2.055613 ms (FindLiveObjects: 0.390899 ms CreateObjectMapping: 0.041957 ms MarkObjects: 1.602533 ms  DeleteObjects: 0.017507 ms)

========================================================================
Received Prepare
Platform WindowsStandaloneSupport does not support graphics device type 

Registering precompiled user dll's ...
Registered in 1.222997 seconds.
Begin MonoManager ReloadAssembly
Native extension for WindowsStandalone target not found
Native extension for OSXStandalone target not found
Native extension for WebGL target not found
Refreshing native plugins compatible for Editor in 0.36 ms, found 0 plugins.
Preloading 0 native plugins for Editor in 0.00 ms.
Mono: successfully reloaded assembly
- Completed reload, in  4.776 seconds
Platform modules already initialized, skipping
Refreshing native plugins compatible for Editor in 0.34 ms, found 0 plugins.
Preloading 0 native plugins for Editor in 0.00 ms.
Unloading 1177 Unused Serialized files (Serialized files now loaded: 0)
System memory in use before: 61.6 MB.
System memory in use after: 61.7 MB.

Unloading 15 unused Assets to reduce memory usage. Loaded Objects now: 1636.
Total: 1.638454 ms (FindLiveObjects: 0.124061 ms CreateObjectMapping: 0.038637 ms MarkObjects: 1.457644 ms  DeleteObjects: 0.017206 ms)

========================================================================
Received Prepare
Platform WindowsStandaloneSupport does not support graphics device type 

Registering precompiled user dll's ...
Registered in 0.992387 seconds.
Begin MonoManager ReloadAssembly
Native extension for WindowsStandalone target not found
Native extension for OSXStandalone target not found
Native extension for WebGL target not found
Refreshing native plugins compatible for Editor in 0.47 ms, found 0 plugins.
Preloading 0 native plugins for Editor in 0.00 ms.
Mono: successfully reloaded assembly
- Completed reload, in  4.921 seconds
Platform modules already initialized, skipping
Refreshing native plugins compatible for Editor in 0.32 ms, found 0 plugins.
Preloading 0 native plugins for Editor in 0.00 ms.
Unloading 1177 Unused Serialized files (Serialized files now loaded: 0)
System memory in use before: 61.6 MB.
System memory in use after: 61.7 MB.

Unloading 15 unused Assets to reduce memory usage. Loaded Objects now: 1639.
Total: 1.741385 ms (FindLiveObjects: 0.159680 ms CreateObjectMapping: 0.041957 ms MarkObjects: 1.521637 ms  DeleteObjects: 0.017206 ms)

========================================================================
Received Import Request.
  Time since last request: 2749.081529 seconds.
  path: Assets/QuickSheet/New Google Data Settings.asset
  artifactKey: Guid(5f5b4108ec7560c4abb8647975e63e17) Importer(815301076,1909f56bfc062723c751e8b465ee728b)
Start importing Assets/QuickSheet/New Google Data Settings.asset using Guid(5f5b4108ec7560c4abb8647975e63e17) Importer(815301076,1909f56bfc062723c751e8b465ee728b)  -> (artifact id: 'e449b3da2875171c443e7e010bdffcf8') in 0.044576 seconds
  Import took 0.048249 seconds .

========================================================================
Received Import Request.
  Time since last request: 889.660633 seconds.
  path: Assets/QuickSheet/New Google Data Settings.asset
  artifactKey: Guid(5f5b4108ec7560c4abb8647975e63e17) Importer(815301076,1909f56bfc062723c751e8b465ee728b)
Start importing Assets/QuickSheet/New Google Data Settings.asset using Guid(5f5b4108ec7560c4abb8647975e63e17) Importer(815301076,1909f56bfc062723c751e8b465ee728b)  -> (artifact id: '297abdc1edd180cd60bde7f0c51d1a61') in 0.033216 seconds
  Import took 0.036918 seconds .

========================================================================
Received Import Request.
  Time since last request: 0.003235 seconds.
  path: Assets/QuickSheet/New Google Data Settings.asset
  artifactKey: Guid(5f5b4108ec7560c4abb8647975e63e17) Importer(815301076,1909f56bfc062723c751e8b465ee728b)
Start importing Assets/QuickSheet/New Google Data Settings.asset using Guid(5f5b4108ec7560c4abb8647975e63e17) Importer(815301076,1909f56bfc062723c751e8b465ee728b)  -> (artifact id: '297abdc1edd180cd60bde7f0c51d1a61') in 0.009054 seconds
  Import took 0.011635 seconds .

========================================================================
Received Import Request.
  Time since last request: 427.361147 seconds.
  path: Assets/QuickSheet/New Google Data Settings.asset
  artifactKey: Guid(5f5b4108ec7560c4abb8647975e63e17) Importer(815301076,1909f56bfc062723c751e8b465ee728b)
Start importing Assets/QuickSheet/New Google Data Settings.asset using Guid(5f5b4108ec7560c4abb8647975e63e17) Importer(815301076,1909f56bfc062723c751e8b465ee728b)  -> (artifact id: '2c3a5f61be58cc31c684ad39ee8abee8') in 0.057229 seconds
  Import took 0.060567 seconds .

========================================================================
Received Import Request.
  Time since last request: 607.377928 seconds.
  path: Assets/QuickSheet/New Google Data Settings.asset
  artifactKey: Guid(5f5b4108ec7560c4abb8647975e63e17) Importer(815301076,1909f56bfc062723c751e8b465ee728b)
Start importing Assets/QuickSheet/New Google Data Settings.asset using Guid(5f5b4108ec7560c4abb8647975e63e17) Importer(815301076,1909f56bfc062723c751e8b465ee728b)  -> (artifact id: '0491b963cf6631110b06b034056822a5') in 0.026267 seconds
  Import took 0.031331 seconds .

========================================================================
Received Import Request.
  Time since last request: 0.008479 seconds.
  path: Assets/QuickSheet/New Google Data Settings.asset
  artifactKey: Guid(5f5b4108ec7560c4abb8647975e63e17) Importer(815301076,1909f56bfc062723c751e8b465ee728b)
Start importing Assets/QuickSheet/New Google Data Settings.asset using Guid(5f5b4108ec7560c4abb8647975e63e17) Importer(815301076,1909f56bfc062723c751e8b465ee728b)  -> (artifact id: '0491b963cf6631110b06b034056822a5') in 0.005855 seconds
  Import took 0.008597 seconds .

========================================================================
Received Import Request.
  Time since last request: 119.108554 seconds.
  path: Assets/QuickSheet/New Google Data Settings.asset
  artifactKey: Guid(5f5b4108ec7560c4abb8647975e63e17) Importer(815301076,1909f56bfc062723c751e8b465ee728b)
Start importing Assets/QuickSheet/New Google Data Settings.asset using Guid(5f5b4108ec7560c4abb8647975e63e17) Importer(815301076,1909f56bfc062723c751e8b465ee728b)  -> (artifact id: '204483af911c8a2d08f58982ccc5a0d1') in 0.028502 seconds
  Import took 0.032157 seconds .

========================================================================
Received Import Request.
  Time since last request: 273.178357 seconds.
  path: Assets/QuickSheet/GDataPlugin/Editor
  artifactKey: Guid(678670a4c37ec654086812049cab4f15) Importer(815301076,1909f56bfc062723c751e8b465ee728b)
Start importing Assets/QuickSheet/GDataPlugin/Editor using Guid(678670a4c37ec654086812049cab4f15) Importer(815301076,1909f56bfc062723c751e8b465ee728b)  -> (artifact id: 'f2fe38a7eac8f3c5bdc8f9cfa87eacad') in 0.080416 seconds
  Import took 0.083886 seconds .

========================================================================
Received Import Request.
  Time since last request: 0.000238 seconds.
  path: Assets/QuickSheet/GDataPlugin/Editor/Google Data Settings.asset
  artifactKey: Guid(de069546a9e7f3340afcaabb8a149e47) Importer(815301076,1909f56bfc062723c751e8b465ee728b)
Start importing Assets/QuickSheet/GDataPlugin/Editor/Google Data Settings.asset using Guid(de069546a9e7f3340afcaabb8a149e47) Importer(815301076,1909f56bfc062723c751e8b465ee728b)  -> (artifact id: 'e705becc66d375ff588fe3cfcd36adec') in 0.032375 seconds
  Import took 0.034930 seconds .

========================================================================
Received Import Request.
  Time since last request: 225.831104 seconds.
  path: Assets/QuickSheet/GDataPlugin/Editor/New Import Setting.asset
  artifactKey: Guid(e23e652666ce2884ca922a96e20daa28) Importer(815301076,1909f56bfc062723c751e8b465ee728b)
Start importing Assets/QuickSheet/GDataPlugin/Editor/New Import Setting.asset using Guid(e23e652666ce2884ca922a96e20daa28) Importer(815301076,1909f56bfc062723c751e8b465ee728b) Multiple UnityQuickSheet.GoogleDataSettings assets are found.
UnityEngine.StackTraceUtility:ExtractStackTrace ()
UnityEngine.DebugLogHandler:LogFormat (UnityEngine.LogType,UnityEngine.Object,string,object[])
UnityEngine.Logger:LogFormat (UnityEngine.LogType,string,object[])
UnityEngine.Debug:LogWarningFormat (string,object[])
UnityQuickSheet.SingletonScriptableObject`1<UnityQuickSheet.GoogleDataSettings>:get_Instance () (at Assets/QuickSheet/Editor/Util/SingletonScriptableObject.cs:35)
UnityQuickSheet.GoogleMachine:Awake () (at Assets/QuickSheet/GDataPlugin/Editor/GoogleMachine.cs:36)

(Filename: Assets/QuickSheet/Editor/Util/SingletonScriptableObject.cs Line: 35)

Using Assets/QuickSheet/GDataPlugin/Editor/Google Data Settings.asset.
UnityEngine.StackTraceUtility:ExtractStackTrace ()
UnityEngine.DebugLogHandler:LogFormat (UnityEngine.LogType,UnityEngine.Object,string,object[])
UnityEngine.Logger:LogFormat (UnityEngine.LogType,string,object[])
UnityEngine.Debug:LogFormat (string,object[])
UnityQuickSheet.SingletonScriptableObject`1<UnityQuickSheet.GoogleDataSettings>:get_Instance () (at Assets/QuickSheet/Editor/Util/SingletonScriptableObject.cs:38)
UnityQuickSheet.GoogleMachine:Awake () (at Assets/QuickSheet/GDataPlugin/Editor/GoogleMachine.cs:36)

(Filename: Assets/QuickSheet/Editor/Util/SingletonScriptableObject.cs Line: 38)

 -> (artifact id: 'b51b60f9b651184204976d86be133f0d') in 0.090948 seconds
  Import took 0.094002 seconds .

========================================================================
Received Import Request.
  Time since last request: 73.451154 seconds.
  path: Assets/QuickSheet/GDataPlugin/Editor/New Import Setting.asset
  artifactKey: Guid(e23e652666ce2884ca922a96e20daa28) Importer(815301076,1909f56bfc062723c751e8b465ee728b)
Start importing Assets/QuickSheet/GDataPlugin/Editor/New Import Setting.asset using Guid(e23e652666ce2884ca922a96e20daa28) Importer(815301076,1909f56bfc062723c751e8b465ee728b) Multiple UnityQuickSheet.GoogleDataSettings assets are found.
UnityEngine.StackTraceUtility:ExtractStackTrace ()
UnityEngine.DebugLogHandler:LogFormat (UnityEngine.LogType,UnityEngine.Object,string,object[])
UnityEngine.Logger:LogFormat (UnityEngine.LogType,string,object[])
UnityEngine.Debug:LogWarningFormat (string,object[])
UnityQuickSheet.SingletonScriptableObject`1<UnityQuickSheet.GoogleDataSettings>:get_Instance () (at Assets/QuickSheet/Editor/Util/SingletonScriptableObject.cs:35)
UnityQuickSheet.GoogleMachine:Awake () (at Assets/QuickSheet/GDataPlugin/Editor/GoogleMachine.cs:36)

(Filename: Assets/QuickSheet/Editor/Util/SingletonScriptableObject.cs Line: 35)

Using Assets/QuickSheet/GDataPlugin/Editor/Google Data Settings.asset.
UnityEngine.StackTraceUtility:ExtractStackTrace ()
UnityEngine.DebugLogHandler:LogFormat (UnityEngine.LogType,UnityEngine.Object,string,object[])
UnityEngine.Logger:LogFormat (UnityEngine.LogType,string,object[])
UnityEngine.Debug:LogFormat (string,object[])
UnityQuickSheet.SingletonScriptableObject`1<UnityQuickSheet.GoogleDataSettings>:get_Instance () (at Assets/QuickSheet/Editor/Util/SingletonScriptableObject.cs:38)
UnityQuickSheet.GoogleMachine:Awake () (at Assets/QuickSheet/GDataPlugin/Editor/GoogleMachine.cs:36)

(Filename: Assets/QuickSheet/Editor/Util/SingletonScriptableObject.cs Line: 38)

 -> (artifact id: '0a3ec9bfe34dae7b3fcd62629756f5a0') in 0.051959 seconds
  Import took 0.056813 seconds .

AssetImportWorkerClient::OnTransportError - code=2 error=End of file
